<?xml version="1.0" encoding="UTF-8"?>
<!-- Generated by org.testng.reporters.JUnitReportReporter -->
<testsuite hostname="DESKTOP-RMQSN54" failures="0" tests="1" name="com.bridgelabz.handlingpopup.Alert_Promptpopup" time="22.133" errors="0" timestamp="2022-09-06T09:09:13 IST" skipped="0">
  <testcase classname="com.bridgelabz.handlingpopup.Alert_Promptpopup" name="alert_Promptpopup" time="22.133"/>
  <system-out/>
</testsuite> <!-- com.bridgelabz.handlingpopup.Alert_Promptpopup -->
