<?xml version="1.0" encoding="UTF-8"?>
<!-- Generated by org.testng.reporters.JUnitReportReporter -->
<testsuite hostname="DESKTOP-RMQSN54" failures="0" tests="1" name="com.bridgelabz.methodsofxpath.MethodsOfXpath" time="33.888" errors="0" timestamp="2022-09-02T23:34:37 IST" skipped="0">
  <testcase classname="com.bridgelabz.methodsofxpath.MethodsOfXpath" name="startsWithMethodOfXpath" time="33.888"/>
  <system-out/>
</testsuite> <!-- com.bridgelabz.methodsofxpath.MethodsOfXpath -->
