<?xml version="1.0" encoding="UTF-8"?>
<!-- Generated by org.testng.reporters.JUnitReportReporter -->
<testsuite hostname="DESKTOP-RMQSN54" failures="0" tests="1" name="com.bridgelabz.listbox.PrintUniqueElement_Sorted" time="9.740" errors="0" timestamp="2022-09-08T14:51:35 IST" skipped="0">
  <testcase classname="com.bridgelabz.listbox.PrintUniqueElement_Sorted" name="printUniqueElement_Sorted" time="9.740"/>
  <system-out/>
</testsuite> <!-- com.bridgelabz.listbox.PrintUniqueElement_Sorted -->
