<?xml version="1.0" encoding="UTF-8"?>
<!-- Generated by org.testng.reporters.JUnitReportReporter -->
<testsuite hostname="DESKTOP-RMQSN54" failures="0" tests="1" name="com.bridgelabz.handlingpopup.FileDownload" time="0.032" errors="0" timestamp="2022-09-06T16:03:52 IST" skipped="0">
  <testcase classname="com.bridgelabz.handlingpopup.FileDownload" name="downloadFileByPopUp" time="0.032"/>
  <system-out/>
</testsuite> <!-- com.bridgelabz.handlingpopup.FileDownload -->
