<?xml version="1.0" encoding="UTF-8"?>
<!-- Generated by org.testng.reporters.JUnitReportReporter -->
<testsuite hostname="DESKTOP-RMQSN54" failures="0" tests="1" name="com.bridgelabz.handlingpopup.Print_windowHandle" time="16.433" errors="0" timestamp="2022-09-05T17:31:37 IST" skipped="0">
  <testcase classname="com.bridgelabz.handlingpopup.Print_windowHandle" name="print_windowHandle" time="16.433"/>
  <system-out/>
</testsuite> <!-- com.bridgelabz.handlingpopup.Print_windowHandle -->
