<?xml version="1.0" encoding="UTF-8"?>
<!-- Generated by org.testng.reporters.JUnitReportReporter -->
<testsuite hostname="DESKTOP-RMQSN54" failures="0" tests="1" name="com.bridelabz.actionclass.ContextClickusingActionsClass" time="13.142" errors="0" timestamp="2022-09-03T08:31:13 IST" skipped="0">
  <testcase classname="com.bridelabz.actionclass.ContextClickusingActionsClass" name="contextClickusingActionsClass" time="13.142"/>
  <system-out/>
</testsuite> <!-- com.bridelabz.actionclass.ContextClickusingActionsClass -->
