<?xml version="1.0" encoding="UTF-8"?>
<!-- Generated by org.testng.reporters.JUnitReportReporter -->
<testsuite hostname="DESKTOP-RMQSN54" failures="0" tests="1" name="com.bridgelabz.handlingpopup.CloseParentWindow" time="17.729" errors="0" timestamp="2022-09-06T13:30:51 IST" skipped="0">
  <testcase classname="com.bridgelabz.handlingpopup.CloseParentWindow" name="closeParentWindow" time="17.729"/>
  <system-out/>
</testsuite> <!-- com.bridgelabz.handlingpopup.CloseParentWindow -->
