<?xml version="1.0" encoding="UTF-8"?>
<!-- Generated by org.testng.reporters.JUnitReportReporter -->
<testsuite hostname="DESKTOP-RMQSN54" failures="0" tests="1" name="com.bridgelabz.listbox.PrintTheOcuuranceOfPoori" time="8.970" errors="0" timestamp="2022-09-08T15:07:45 IST" skipped="0">
  <testcase classname="com.bridgelabz.listbox.PrintTheOcuuranceOfPoori" name="printTheOcuuranceOfPoorit" time="8.970"/>
  <system-out/>
</testsuite> <!-- com.bridgelabz.listbox.PrintTheOcuuranceOfPoori -->
