<?xml version="1.0" encoding="UTF-8"?>
<!-- Generated by org.testng.reporters.JUnitReportReporter -->
<testsuite hostname="DESKTOP-RMQSN54" failures="0" tests="1" name="com.bridgelabz.listbox.PrintUniqueElementinthelistbox" time="6.860" errors="0" timestamp="2022-09-08T14:40:56 IST" skipped="0">
  <testcase classname="com.bridgelabz.listbox.PrintUniqueElementinthelistbox" name="printUniqueElementinthelistbox" time="6.860"/>
  <system-out/>
</testsuite> <!-- com.bridgelabz.listbox.PrintUniqueElementinthelistbox -->
