<?xml version="1.0" encoding="UTF-8"?>
<!-- Generated by org.testng.reporters.JUnitReportReporter -->
<testsuite hostname="DESKTOP-RMQSN54" failures="0" tests="1" name="com.bridgelabz.robotclass.KeyboardMouseOperations" time="27.899" errors="0" timestamp="2022-09-17T13:08:37 IST" skipped="0">
  <testcase classname="com.bridgelabz.robotclass.KeyboardMouseOperations" name="keyboardMouseOperations" time="27.899"/>
  <system-out/>
</testsuite> <!-- com.bridgelabz.robotclass.KeyboardMouseOperations -->
