<?xml version="1.0" encoding="UTF-8"?>
<!-- Generated by org.testng.reporters.JUnitReportReporter -->
<testsuite hostname="DESKTOP-RMQSN54" failures="0" tests="1" name="com.bridgelabz.autoit.FileUploadUsingAutoIT" time="25.523" errors="0" timestamp="2022-09-10T07:37:10 IST" skipped="0">
  <testcase classname="com.bridgelabz.autoit.FileUploadUsingAutoIT" name="fileUploadUsingAutoIT" time="25.523"/>
  <system-out/>
</testsuite> <!-- com.bridgelabz.autoit.FileUploadUsingAutoIT -->
