<?xml version="1.0" encoding="UTF-8"?>
<!-- Generated by org.testng.reporters.JUnitReportReporter -->
<testsuite hostname="DESKTOP-RMQSN54" failures="0" tests="1" name="com.bridgelabz.listbox.PrinttheDUPLICATEItem_intheList_HashSet" time="9.050" errors="0" timestamp="2022-09-08T15:02:56 IST" skipped="0">
  <testcase classname="com.bridgelabz.listbox.PrinttheDUPLICATEItem_intheList_HashSet" name="printtheDUPLICATEItem_intheList_HashSet" time="9.050"/>
  <system-out/>
</testsuite> <!-- com.bridgelabz.listbox.PrinttheDUPLICATEItem_intheList_HashSet -->
