<?xml version="1.0" encoding="UTF-8"?>
<!-- Generated by org.testng.reporters.JUnitReportReporter -->
<testsuite hostname="DESKTOP-RMQSN54" failures="0" tests="1" name="com.bridgelabz.handlingpopup.CloseALLChildbrowsersONLY" time="8.412" errors="0" timestamp="2022-09-06T08:53:27 IST" skipped="0">
  <testcase classname="com.bridgelabz.handlingpopup.CloseALLChildbrowsersONLY" name="closeALLChildbrowsersONLY" time="8.412"/>
  <system-out/>
</testsuite> <!-- com.bridgelabz.handlingpopup.CloseALLChildbrowsersONLY -->
