<?xml version="1.0" encoding="UTF-8"?>
<!-- Generated by org.testng.reporters.JUnitReportReporter -->
<testsuite hostname="DESKTOP-RMQSN54" failures="0" tests="1" name="com.bridgelabz.listbox.ListBox" time="10.461" errors="0" timestamp="2022-09-08T14:12:32 IST" skipped="0">
  <testcase classname="com.bridgelabz.listbox.ListBox" name="listBox" time="10.461"/>
  <system-out/>
</testsuite> <!-- com.bridgelabz.listbox.ListBox -->
