<?xml version="1.0" encoding="UTF-8"?>
<!-- Generated by org.testng.reporters.JUnitReportReporter -->
<testsuite hostname="DESKTOP-RMQSN54" failures="0" tests="1" name="com.bridgelabz.handlingpopup.ChildBrowserPopUp" time="11.164" errors="0" timestamp="2022-09-06T11:45:34 IST" skipped="0">
  <testcase classname="com.bridgelabz.handlingpopup.ChildBrowserPopUp" name="childBrowserPopUp" time="11.164"/>
  <system-out/>
</testsuite> <!-- com.bridgelabz.handlingpopup.ChildBrowserPopUp -->
