<?xml version="1.0" encoding="UTF-8"?>
<!-- Generated by org.testng.reporters.JUnitReportReporter -->
<testsuite hostname="DESKTOP-RMQSN54" failures="0" tests="1" name="com.bridgelabz.handlingpopup.CloseAnySpecifiedBrowser" time="11.355" errors="0" timestamp="2022-09-06T16:05:04 IST" skipped="0">
  <testcase classname="com.bridgelabz.handlingpopup.CloseAnySpecifiedBrowser" name="closeAnySpecifiedBrowser" time="11.355"/>
  <system-out/>
</testsuite> <!-- com.bridgelabz.handlingpopup.CloseAnySpecifiedBrowser -->
