<?xml version="1.0" encoding="UTF-8"?>
<!-- Generated by org.testng.reporters.JUnitReportReporter -->
<testsuite hostname="DESKTOP-RMQSN54" failures="0" tests="1" name="com.bridgelabz.implicitexplicitfluent.ExplicitDemo" time="14.669" errors="0" timestamp="2022-09-09T11:27:20 IST" skipped="0">
  <testcase classname="com.bridgelabz.implicitexplicitfluent.ExplicitDemo" name="explicitDemo" time="14.669"/>
  <system-out/>
</testsuite> <!-- com.bridgelabz.implicitexplicitfluent.ExplicitDemo -->
