<?xml version="1.0" encoding="UTF-8"?>
<!-- Generated by org.testng.reporters.JUnitReportReporter -->
<testsuite hostname="DESKTOP-RMQSN54" failures="0" tests="1" name="com.bridgelabz.autoit.AutoIt" time="16.859" errors="0" timestamp="2022-09-08T16:31:58 IST" skipped="0">
  <testcase classname="com.bridgelabz.autoit.AutoIt" name="autoIt" time="16.859"/>
  <system-out/>
</testsuite> <!-- com.bridgelabz.autoit.AutoIt -->
