<?xml version="1.0" encoding="UTF-8"?>
<!-- Generated by org.testng.reporters.JUnitReportReporter -->
<testsuite hostname="DESKTOP-RMQSN54" failures="0" tests="1" name="com.bridgelabz.implicitexplicitfluent.ImplicityDemo" time="10.836" errors="0" timestamp="2022-09-08T22:00:00 IST" skipped="0">
  <testcase classname="com.bridgelabz.implicitexplicitfluent.ImplicityDemo" name="implicityDemo" time="10.836"/>
  <system-out/>
</testsuite> <!-- com.bridgelabz.implicitexplicitfluent.ImplicityDemo -->
