<?xml version="1.0" encoding="UTF-8"?>
<!-- Generated by org.testng.reporters.JUnitReportReporter -->
<testsuite hostname="DESKTOP-RMQSN54" failures="0" tests="1" name="com.bridgelabz.listbox.PrintListValues_SortedOrder" time="18.053" errors="0" timestamp="2022-09-08T14:53:16 IST" skipped="0">
  <testcase classname="com.bridgelabz.listbox.PrintListValues_SortedOrder" name="printListValues_SortedOrder" time="18.053"/>
  <system-out/>
</testsuite> <!-- com.bridgelabz.listbox.PrintListValues_SortedOrder -->
