<?xml version="1.0" encoding="UTF-8"?>
<!-- Generated by org.testng.reporters.JUnitReportReporter -->
<testsuite hostname="DESKTOP-RMQSN54" failures="0" tests="1" name="com.bridgelabz.handlingpopup.CloseMainBrowserOnly" time="10.923" errors="0" timestamp="2022-09-06T11:49:13 IST" skipped="0">
  <testcase classname="com.bridgelabz.handlingpopup.CloseMainBrowserOnly" name="closeMainBrowserOnly" time="10.923"/>
  <system-out/>
</testsuite> <!-- com.bridgelabz.handlingpopup.CloseMainBrowserOnly -->
