<?xml version="1.0" encoding="UTF-8"?>
<!-- Generated by org.testng.reporters.JUnitReportReporter -->
<testsuite hostname="DESKTOP-RMQSN54" failures="0" tests="1" name="com.bridgelabz.webtable.WebTable_Example" time="11.630" errors="0" timestamp="2022-09-06T16:59:39 IST" skipped="0">
  <testcase classname="com.bridgelabz.webtable.WebTable_Example" name="webTable_Example" time="11.630"/>
  <system-out/>
</testsuite> <!-- com.bridgelabz.webtable.WebTable_Example -->
