<?xml version="1.0" encoding="UTF-8"?>
<!-- Generated by org.testng.reporters.JUnitReportReporter -->
<testsuite hostname="DESKTOP-RMQSN54" failures="0" tests="1" name="com.bridgelabz.webelementinterfacemethod.RunSeleniumCodeInDiffBrowser" time="49.062" errors="0" timestamp="2022-11-17T09:51:28 IST" skipped="0">
  <testcase classname="com.bridgelabz.webelementinterfacemethod.RunSeleniumCodeInDiffBrowser" name="runSeleniumCodeInDiffBrowser" time="49.062"/>
  <system-out/>
</testsuite> <!-- com.bridgelabz.webelementinterfacemethod.RunSeleniumCodeInDiffBrowser -->
