<?xml version="1.0" encoding="UTF-8"?>
<!-- Generated by org.testng.reporters.JUnitReportReporter -->
<testsuite hostname="DESKTOP-RMQSN54" failures="0" tests="1" name="com.bridgelazb.testngpackage.BaseTestNg" time="0.010" errors="0" timestamp="2022-09-09T19:41:37 IST" skipped="0">
  <testcase classname="com.bridgelazb.testngpackage.BaseTestNg" name="beforeMethod" time="0.010"/>
  <system-out>
    <![CDATA[beforeMethod]]>
  </system-out>
</testsuite> <!-- com.bridgelazb.testngpackage.BaseTestNg -->
