<?xml version="1.0" encoding="UTF-8"?>
<!-- Generated by org.testng.reporters.JUnitReportReporter -->
<testsuite hostname="DESKTOP-RMQSN54" failures="0" tests="2" name="com.bridgelabz.listeners.ListenersDemo" time="17.974" errors="0" timestamp="2022-09-14T14:54:07 IST" skipped="0">
  <testcase classname="com.bridgelabz.listeners.ListenersDemo" name="launchBrowser" time="12.957"/>
  <system-out/>
  <testcase classname="com.bridgelabz.listeners.ListenersDemo" name="signUp" time="5.017"/>
  <system-out>
    <![CDATA[Ashwini-->Shirsath]]>
  </system-out>
</testsuite> <!-- com.bridgelabz.listeners.ListenersDemo -->
